2024-08-29 22:59:48.936+0000 INFO  Logging config in use: File '/var/lib/neo4j/conf/user-logs.xml'
2024-08-29 22:59:48.964+0000 INFO  Starting...
2024-08-29 22:59:49.996+0000 INFO  This instance is ServerId{7fdc2c94} (7fdc2c94-2263-4a09-9b00-5cc25e45dce0)
2024-08-29 22:59:51.308+0000 INFO  ======== Neo4j 5.22.0 ========
2024-08-29 23:00:02.510+0000 INFO  Neo4j Server shutdown initiated by request
2024-08-29 23:00:02.512+0000 INFO  Stopped.
2024-08-29 23:00:09.049+0000 INFO  Logging config in use: File '/var/lib/neo4j/conf/user-logs.xml'
2024-08-29 23:00:09.085+0000 INFO  Starting...
2024-08-29 23:00:10.197+0000 INFO  This instance is ServerId{7fdc2c94} (7fdc2c94-2263-4a09-9b00-5cc25e45dce0)
2024-08-29 23:00:11.541+0000 INFO  ======== Neo4j 5.22.0 ========
2024-08-29 23:00:27.479+0000 INFO  Anonymous Usage Data is being sent to Neo4j, see https://neo4j.com/docs/usage-data/
2024-08-29 23:00:27.545+0000 INFO  Bolt enabled on 0.0.0.0:7687.
2024-08-29 23:00:28.423+0000 INFO  HTTP enabled on 0.0.0.0:7474.
2024-08-29 23:00:28.425+0000 INFO  Remote interface available at http://localhost:7474/
2024-08-29 23:00:28.430+0000 INFO  id: 728CD3A33EB0117859B31438FD7ECC9AD735090ED2F9111C0E9990D566D7D804
2024-08-29 23:00:28.432+0000 INFO  name: system
2024-08-29 23:00:28.434+0000 INFO  creationDate: 2024-08-29T22:59:52.362Z
2024-08-29 23:00:28.435+0000 INFO  Started.
2024-08-29 23:00:42.610+0000 INFO  Neo4j Server shutdown initiated by request
2024-08-29 23:00:42.611+0000 INFO  Stopping...
2024-08-29 23:00:59.497+0000 INFO  Logging config in use: File '/var/lib/neo4j/conf/user-logs.xml'
2024-08-29 23:00:59.524+0000 INFO  Starting...
2024-08-29 23:01:00.515+0000 INFO  This instance is ServerId{7fdc2c94} (7fdc2c94-2263-4a09-9b00-5cc25e45dce0)
2024-08-29 23:01:01.822+0000 INFO  ======== Neo4j 5.22.0 ========
2024-08-29 23:01:05.331+0000 INFO  Anonymous Usage Data is being sent to Neo4j, see https://neo4j.com/docs/usage-data/
2024-08-29 23:01:05.372+0000 INFO  Bolt enabled on 0.0.0.0:7687.
2024-08-29 23:01:06.208+0000 INFO  HTTP enabled on 0.0.0.0:7474.
2024-08-29 23:01:06.210+0000 INFO  Remote interface available at http://localhost:7474/
2024-08-29 23:01:06.217+0000 INFO  id: 728CD3A33EB0117859B31438FD7ECC9AD735090ED2F9111C0E9990D566D7D804
2024-08-29 23:01:06.219+0000 INFO  name: system
2024-08-29 23:01:06.222+0000 INFO  creationDate: 2024-08-29T22:59:52.362Z
2024-08-29 23:01:06.224+0000 INFO  Started.
2024-08-30 22:27:39.074+0000 INFO  Logging config in use: File '/var/lib/neo4j/conf/user-logs.xml'
2024-08-30 22:27:39.115+0000 INFO  Starting...
2024-08-30 22:27:40.454+0000 INFO  This instance is ServerId{7fdc2c94} (7fdc2c94-2263-4a09-9b00-5cc25e45dce0)
2024-08-30 22:27:42.669+0000 INFO  ======== Neo4j 5.22.0 ========
2024-08-30 22:27:47.788+0000 INFO  Anonymous Usage Data is being sent to Neo4j, see https://neo4j.com/docs/usage-data/
2024-08-30 22:27:47.914+0000 INFO  Bolt enabled on 0.0.0.0:7687.
2024-08-30 22:27:49.185+0000 INFO  HTTP enabled on 0.0.0.0:7474.
2024-08-30 22:27:49.188+0000 INFO  Remote interface available at http://localhost:7474/
2024-08-30 22:27:49.193+0000 INFO  id: 728CD3A33EB0117859B31438FD7ECC9AD735090ED2F9111C0E9990D566D7D804
2024-08-30 22:27:49.194+0000 INFO  name: system
2024-08-30 22:27:49.195+0000 INFO  creationDate: 2024-08-29T22:59:52.362Z
2024-08-30 22:27:49.196+0000 INFO  Started.
2024-08-30 22:32:58.672+0000 INFO  Neo4j Server shutdown initiated by request
2024-08-30 22:32:58.676+0000 INFO  Stopping...
2024-08-30 22:33:18.087+0000 INFO  Logging config in use: Embedded default config 'default-user-logs.xml'
2024-08-30 22:33:18.100+0000 INFO  Starting...
2024-08-30 22:33:19.301+0000 INFO  This instance is ServerId{7fdc2c94} (7fdc2c94-2263-4a09-9b00-5cc25e45dce0)
2024-08-30 22:33:21.022+0000 INFO  ======== Neo4j 5.22.0 ========
2024-08-30 22:33:25.339+0000 INFO  Anonymous Usage Data is being sent to Neo4j, see https://neo4j.com/docs/usage-data/
2024-08-30 22:33:25.433+0000 INFO  Bolt enabled on 0.0.0.0:7687.
2024-08-30 22:33:26.665+0000 INFO  HTTP enabled on 0.0.0.0:7474.
2024-08-30 22:33:26.668+0000 INFO  Remote interface available at http://localhost:7474/
2024-08-30 22:33:26.682+0000 INFO  id: 728CD3A33EB0117859B31438FD7ECC9AD735090ED2F9111C0E9990D566D7D804
2024-08-30 22:33:26.685+0000 INFO  name: system
2024-08-30 22:33:26.687+0000 INFO  creationDate: 2024-08-29T22:59:52.362Z
2024-08-30 22:33:26.689+0000 INFO  Started.
2024-09-01 17:58:50.546+0000 INFO  Logging config in use: Embedded default config 'default-user-logs.xml'
2024-09-01 17:58:50.569+0000 INFO  Starting...
2024-09-01 17:58:52.570+0000 INFO  This instance is ServerId{7fdc2c94} (7fdc2c94-2263-4a09-9b00-5cc25e45dce0)
2024-09-01 17:58:57.818+0000 INFO  ======== Neo4j 5.22.0 ========
2024-09-01 17:59:04.759+0000 INFO  Anonymous Usage Data is being sent to Neo4j, see https://neo4j.com/docs/usage-data/
2024-09-01 17:59:04.961+0000 INFO  Bolt enabled on 0.0.0.0:7687.
2024-09-01 17:59:06.535+0000 INFO  HTTP enabled on 0.0.0.0:7474.
2024-09-01 17:59:06.538+0000 INFO  Remote interface available at http://localhost:7474/
2024-09-01 17:59:06.545+0000 INFO  id: 728CD3A33EB0117859B31438FD7ECC9AD735090ED2F9111C0E9990D566D7D804
2024-09-01 17:59:06.547+0000 INFO  name: system
2024-09-01 17:59:06.549+0000 INFO  creationDate: 2024-08-29T22:59:52.362Z
2024-09-01 17:59:06.550+0000 INFO  Started.
2024-09-01 18:00:26.999+0000 INFO  Neo4j Server shutdown initiated by request
2024-09-01 18:00:27.001+0000 INFO  Stopping...
2024-09-01 18:58:02.319+0000 INFO  Logging config in use: Embedded default config 'default-user-logs.xml'
2024-09-01 18:58:02.328+0000 INFO  Starting...
2024-09-01 18:58:03.666+0000 INFO  This instance is ServerId{7fdc2c94} (7fdc2c94-2263-4a09-9b00-5cc25e45dce0)
2024-09-01 18:58:05.895+0000 INFO  ======== Neo4j 5.22.0 ========
2024-09-01 18:58:10.339+0000 INFO  Anonymous Usage Data is being sent to Neo4j, see https://neo4j.com/docs/usage-data/
2024-09-01 18:58:10.421+0000 INFO  Bolt enabled on 0.0.0.0:7687.
2024-09-01 18:58:11.608+0000 INFO  HTTP enabled on 0.0.0.0:7474.
2024-09-01 18:58:11.610+0000 INFO  Remote interface available at http://localhost:7474/
2024-09-01 18:58:11.615+0000 INFO  id: 728CD3A33EB0117859B31438FD7ECC9AD735090ED2F9111C0E9990D566D7D804
2024-09-01 18:58:11.617+0000 INFO  name: system
2024-09-01 18:58:11.619+0000 INFO  creationDate: 2024-08-29T22:59:52.362Z
2024-09-01 18:58:11.620+0000 INFO  Started.
2024-09-08 13:13:01.635+0000 INFO  Logging config in use: Embedded default config 'default-user-logs.xml'
2024-09-08 13:13:01.651+0000 INFO  Starting...
2024-09-08 13:13:03.559+0000 INFO  This instance is ServerId{7fdc2c94} (7fdc2c94-2263-4a09-9b00-5cc25e45dce0)
2024-09-08 13:13:06.417+0000 INFO  ======== Neo4j 5.22.0 ========
2024-09-08 13:13:12.024+0000 INFO  Anonymous Usage Data is being sent to Neo4j, see https://neo4j.com/docs/usage-data/
2024-09-08 13:13:12.134+0000 INFO  Bolt enabled on 0.0.0.0:7687.
2024-09-08 13:13:13.520+0000 INFO  HTTP enabled on 0.0.0.0:7474.
2024-09-08 13:13:13.522+0000 INFO  Remote interface available at http://localhost:7474/
2024-09-08 13:13:13.529+0000 INFO  id: 728CD3A33EB0117859B31438FD7ECC9AD735090ED2F9111C0E9990D566D7D804
2024-09-08 13:13:13.530+0000 INFO  name: system
2024-09-08 13:13:13.532+0000 INFO  creationDate: 2024-08-29T22:59:52.362Z
2024-09-08 13:13:13.533+0000 INFO  Started.
2024-09-08 13:14:04.963+0000 INFO  Neo4j Server shutdown initiated by request
2024-09-08 13:14:04.966+0000 INFO  Stopping...
2024-10-12 02:31:10.655+0000 INFO  Logging config in use: Embedded default config 'default-user-logs.xml'
2024-10-12 02:31:10.666+0000 INFO  Starting...
2024-10-12 02:31:11.858+0000 INFO  This instance is ServerId{7fdc2c94} (7fdc2c94-2263-4a09-9b00-5cc25e45dce0)
2024-10-12 02:31:14.138+0000 INFO  ======== Neo4j 5.22.0 ========
2024-10-12 02:31:18.999+0000 INFO  Anonymous Usage Data is being sent to Neo4j, see https://neo4j.com/docs/usage-data/
2024-10-12 02:31:19.065+0000 INFO  Bolt enabled on 0.0.0.0:7687.
2024-10-12 02:31:20.078+0000 INFO  HTTP enabled on 0.0.0.0:7474.
2024-10-12 02:31:20.081+0000 INFO  Remote interface available at http://localhost:7474/
2024-10-12 02:31:20.086+0000 INFO  id: 728CD3A33EB0117859B31438FD7ECC9AD735090ED2F9111C0E9990D566D7D804
2024-10-12 02:31:20.088+0000 INFO  name: system
2024-10-12 02:31:20.090+0000 INFO  creationDate: 2024-08-29T22:59:52.362Z
2024-10-12 02:31:20.092+0000 INFO  Started.
